<?xml version="1.0" encoding="UTF-8"?>
<testng-results ignored="0" total="6" passed="6" failed="0" skipped="0">
  <reporter-output>
  </reporter-output>
  <suite started-at="2019-08-28T13:49:00Z" name="Default suite" finished-at="2019-08-28T13:49:16Z" duration-ms="15904">
    <groups>
    </groups>
    <test started-at="2019-08-28T13:49:00Z" name="Default test" finished-at="2019-08-28T13:49:16Z" duration-ms="15904">
      <class name="com.automation.testscripts.PopUp">
        <test-method signature="launchDriver()[pri:0, instance:com.automation.testscripts.PopUp@3d299e3]" started-at="2019-08-28T13:49:00Z" name="launchDriver" finished-at="2019-08-28T13:49:11Z" duration-ms="10818" status="PASS">
          <reporter-output>
          </reporter-output>
        </test-method> <!-- launchDriver -->
        <test-method signature="launchingHomePage()[pri:0, instance:com.automation.testscripts.PopUp@3d299e3]" started-at="2019-08-28T13:49:11Z" name="launchingHomePage" finished-at="2019-08-28T13:49:16Z" duration-ms="4549" status="PASS">
          <reporter-output>
          </reporter-output>
        </test-method> <!-- launchingHomePage -->
        <test-method signature="searchByBus()[pri:3, instance:com.automation.testscripts.PopUp@3d299e3]" started-at="2019-08-28T13:49:16Z" name="searchByBus" finished-at="2019-08-28T13:49:16Z" duration-ms="200" status="PASS">
          <reporter-output>
          </reporter-output>
        </test-method> <!-- searchByBus -->
        <test-method signature="acceptingAlert()[pri:5, instance:com.automation.testscripts.PopUp@3d299e3]" started-at="2019-08-28T13:49:16Z" name="acceptingAlert" finished-at="2019-08-28T13:49:16Z" duration-ms="0" status="PASS">
          <reporter-output>
          </reporter-output>
        </test-method> <!-- acceptingAlert -->
        <test-method signature="selectingCheckBox()[pri:8, instance:com.automation.testscripts.PopUp@3d299e3]" started-at="2019-08-28T13:49:16Z" name="selectingCheckBox" finished-at="2019-08-28T13:49:16Z" duration-ms="253" status="PASS">
          <reporter-output>
          </reporter-output>
        </test-method> <!-- selectingCheckBox -->
        <test-method signature="selectingDropdown()[pri:10, instance:com.automation.testscripts.PopUp@3d299e3]" started-at="2019-08-28T13:49:16Z" name="selectingDropdown" finished-at="2019-08-28T13:49:16Z" duration-ms="4" status="PASS">
          <reporter-output>
          </reporter-output>
        </test-method> <!-- selectingDropdown -->
      </class> <!-- com.automation.testscripts.PopUp -->
    </test> <!-- Default test -->
  </suite> <!-- Default suite -->
</testng-results>
